<?xml version="1.0" encoding="UTF-8"?>
<!-- Generated by org.testng.reporters.JUnitXMLReporter -->
<testsuite ignored="0" hostname="SVL" failures="0" tests="21" name="Surefire test" time="82.925" errors="0" timestamp="2023-05-05T14:38:00 IST">
  <testcase classname="stepDefinitions.PizzaHutTestNGTest" name="website_launche_with_url" time="0.713"/>
  <testcase classname="stepDefinitions.PizzaHutTestNGTest" name="set_the_user_delivery_location_as_lulu_mall_bangalore" time="15.54"/>
  <testcase classname="stepDefinitions.PizzaHutTestNGTest" name="a_black_color_auto_pop_up_screen_will_be_displayed_close_it" time="0.148"/>
  <testcase classname="stepDefinitions.PizzaHutTestNGTest" name="click_on_view_all_deals" time="0.185"/>
  <testcase classname="stepDefinitions.PizzaHutTestNGTest" name="enter_delivery_address" time="10.548"/>
  <testcase classname="stepDefinitions.PizzaHutTestNGTest" name="the_user_is_now_on_the_deals_page_validate_that_the_url_has_text_as_deals" time="10.072"/>
  <testcase classname="stepDefinitions.PizzaHutTestNGTest" name="go_to_sides_and_add_any_item_that_is_below_200" time="30.366"/>
  <testcase classname="stepDefinitions.PizzaHutTestNGTest" name="validate_that_the_product_is_added_under_basket_but_checkout_button_price_item_is_still_not_showing" time="0.079"/>
  <testcase classname="stepDefinitions.PizzaHutTestNGTest" name="navigate_to_the_drinks_page" time="0.161"/>
  <testcase classname="stepDefinitions.PizzaHutTestNGTest" name="add_any_two_drinks_so_that_total_cart_pricing_is_more_than_200" time="2.315"/>
  <testcase classname="stepDefinitions.PizzaHutTestNGTest" name="click_on_the_checkout_button_the_user_will_be_navigated_to_the_checkout_page" time="0.121"/>
  <testcase classname="stepDefinitions.PizzaHutTestNGTest" name="validate_that_the_online_payment_radio_button_is_selected_by_default" time="5.086"/>
  <testcase classname="stepDefinitions.PizzaHutTestNGTest" name="change_the_payment_option_to_cash" time="0.147"/>
  <testcase classname="stepDefinitions.PizzaHutTestNGTest" name="validate_that_the_i_agree_checkbox_is_checked_by_default" time="0.06"/>
  <testcase classname="stepDefinitions.PizzaHutTestNGTest" name="enter_name_mobile_and_email_address" time="0.864"/>
  <testcase classname="stepDefinitions.PizzaHutTestNGTest" name="click_on_the_apply_gift_card_link" time="0.453"/>
  <testcase classname="stepDefinitions.PizzaHutTestNGTest" name="a_pop_up_should_appear_click_on_the_voucher" time="0.174"/>
  <testcase classname="stepDefinitions.PizzaHutTestNGTest" name="give_the_voucher_code_as_and_submit" time="0.19"/>
  <testcase classname="stepDefinitions.PizzaHutTestNGTest" name="validate_if_an_error_is_coming_that_the_number_is_incorrect" time="1.162"/>
  <testcase classname="stepDefinitions.PizzaHutTestNGTest" name="close_the_voucher_pop_up" time="0.097"/>
  <testcase classname="stepDefinitions.PizzaHutTestNGTest" name="the_user_should_again_navigate_to_your_basket_page" time="0.001"/>
</testsuite> <!-- Surefire test -->
